#
# There is insufficient memory for the Java Runtime Environment to continue.
# Native memory allocation (malloc) failed to allocate 108816 bytes for Chunk::new
# Possible reasons:
#   The system is out of physical RAM or swap space
#   The process is running with CompressedOops enabled, and the Java Heap may be blocking the growth of the native heap
# Possible solutions:
#   Reduce memory load on the system
#   Increase physical memory or swap space
#   Check if swap backing store is full
#   Decrease Java heap size (-Xmx/-Xms)
#   Decrease number of Java threads
#   Decrease Java thread stack sizes (-Xss)
#   Set larger code cache with -XX:ReservedCodeCacheSize=
#   JVM is running with Zero Based Compressed Oops mode in which the Java heap is
#     placed in the first 32GB address space. The Java Heap base address is the
#     maximum limit for the native heap growth. Please use -XX:HeapBaseMinAddress
#     to set the Java Heap base and to place the Java Heap above 32GB virtual address.
# This output file may be truncated or incomplete.
#
#  Out of Memory Error (t:/workspace/open/src/hotspot/share/memory/arena.cpp:197), pid=9800, tid=18952
#
# JRE version: Java(TM) SE Runtime Environment (12.0+33) (build 12+33)
# Java VM: Java HotSpot(TM) 64-Bit Server VM (12+33, mixed mode, sharing, tiered, compressed oops, g1 gc, windows-amd64)
# No core dump will be written. Minidumps are not enabled by default on client versions of Windows
#

---------------  S U M M A R Y ------------

Command Line: -Dfile.encoding=UTF-8 --module-path=F:\WeChat Files\wxid_26c2y2qy59oh12\FileStorage\File\2021-12\CW3_Framework_Finalised(3)\CW3_Framework_Finalised\build\classes CW3.PersonDB

Host: Intel(R) Core(TM) i7-10510U CPU @ 1.80GHz, 8 cores, 15G,  Windows 10 , 64 bit Build 19041 (10.0.19041.1348)
Time: Tue Dec 14 19:35:48 2021 中国标准时间 elapsed time: 161916 seconds (1d 20h 58m 36s)

---------------  T H R E A D  ---------------

Current thread (0x000002e6e6668800):  JavaThread "C2 CompilerThread0" daemon [_thread_in_native, id=18952, stack(0x000000fb2ca00000,0x000000fb2cb00000)]


Current CompileTask:
C2:161916969 1410       4       java.util.HashMap::put (13 bytes)

Stack: [0x000000fb2ca00000,0x000000fb2cb00000]
Native frames: (J=compiled Java code, j=interpreted, Vv=VM code, C=native code)
V  [jvm.dll+0x63948a]
V  [jvm.dll+0x78b31f]
V  [jvm.dll+0x78c9c1]
V  [jvm.dll+0x78d013]
V  [jvm.dll+0x262138]
V  [jvm.dll+0xc582c]
V  [jvm.dll+0xc5dac]
V  [jvm.dll+0x379662]
V  [jvm.dll+0x1aee00]
V  [jvm.dll+0x21c142]
V  [jvm.dll+0x21b20a]
V  [jvm.dll+0x199890]
V  [jvm.dll+0x22a534]
V  [jvm.dll+0x228b88]
V  [jvm.dll+0x74f660]
V  [jvm.dll+0x748648]
V  [jvm.dll+0x638566]
C  [ucrtbase.dll+0x21bb2]
C  [KERNEL32.DLL+0x17034]
C  [ntdll.dll+0x52651]


---------------  P R O C E S S  ---------------

Threads class SMR info:
_java_thread_list=0x000002e6e773e460, length=14, elements={
0x000002e6c0de4800, 0x000002e6e6645000, 0x000002e6e6648000, 0x000002e6e6664800,
0x000002e6e6665800, 0x000002e6e6668800, 0x000002e6e666a800, 0x000002e6e666f000,
0x000002e6e6f00800, 0x000002e6e7092000, 0x000002e6e70ec000, 0x000002e6e745e800,
0x000002e6e745f000, 0x000002e6e721c800
}

Java Threads: ( => current thread )
  0x000002e6c0de4800 JavaThread "main" [_thread_in_native, id=17636, stack(0x000000fb2bf00000,0x000000fb2c000000)]
  0x000002e6e6645000 JavaThread "Reference Handler" daemon [_thread_blocked, id=5400, stack(0x000000fb2c600000,0x000000fb2c700000)]
  0x000002e6e6648000 JavaThread "Finalizer" daemon [_thread_blocked, id=9280, stack(0x000000fb2c700000,0x000000fb2c800000)]
  0x000002e6e6664800 JavaThread "Signal Dispatcher" daemon [_thread_blocked, id=14496, stack(0x000000fb2c800000,0x000000fb2c900000)]
  0x000002e6e6665800 JavaThread "Attach Listener" daemon [_thread_blocked, id=9864, stack(0x000000fb2c900000,0x000000fb2ca00000)]
=>0x000002e6e6668800 JavaThread "C2 CompilerThread0" daemon [_thread_in_native, id=18952, stack(0x000000fb2ca00000,0x000000fb2cb00000)]
  0x000002e6e666a800 JavaThread "C1 CompilerThread0" daemon [_thread_blocked, id=14352, stack(0x000000fb2cb00000,0x000000fb2cc00000)]
  0x000002e6e666f000 JavaThread "Sweeper thread" daemon [_thread_blocked, id=10856, stack(0x000000fb2cc00000,0x000000fb2cd00000)]
  0x000002e6e6f00800 JavaThread "Common-Cleaner" daemon [_thread_blocked, id=6520, stack(0x000000fb2cd00000,0x000000fb2ce00000)]
  0x000002e6e7092000 JavaThread "Service Thread" daemon [_thread_blocked, id=10852, stack(0x000000fb2ce00000,0x000000fb2cf00000)]
  0x000002e6e70ec000 JavaThread "Java2D Disposer" daemon [_thread_blocked, id=18688, stack(0x000000fb2d000000,0x000000fb2d100000)]
  0x000002e6e745e800 JavaThread "AWT-Shutdown" [_thread_blocked, id=2448, stack(0x000000fb2d600000,0x000000fb2d700000)]
  0x000002e6e745f000 JavaThread "AWT-Windows" daemon [_thread_in_native, id=16308, stack(0x000000fb2d700000,0x000000fb2d800000)]
  0x000002e6e721c800 JavaThread "AWT-EventQueue-0" [_thread_blocked, id=4764, stack(0x000000fb2d900000,0x000000fb2da00000)]

Other Threads:
  0x000002e6e6644000 VMThread "VM Thread" [stack: 0x000000fb2c500000,0x000000fb2c600000] [id=14064]
  0x000002e6e709f800 WatcherThread [stack: 0x000000fb2cf00000,0x000000fb2d000000] [id=8032]
  0x000002e6c0e4a800 GCTaskThread "GC Thread#0" [stack: 0x000000fb2c000000,0x000000fb2c100000] [id=9832]
  0x000002e6e73e5000 GCTaskThread "GC Thread#1" [stack: 0x000000fb2d100000,0x000000fb2d200000] [id=8976]
  0x000002e6e710b800 GCTaskThread "GC Thread#2" [stack: 0x000000fb2d200000,0x000000fb2d300000] [id=17432]
  0x000002e6e73e2800 GCTaskThread "GC Thread#3" [stack: 0x000000fb2d300000,0x000000fb2d400000] [id=11064]
  0x000002e6e73e3000 GCTaskThread "GC Thread#4" [stack: 0x000000fb2d400000,0x000000fb2d500000] [id=6024]
  0x000002e6e73e3800 GCTaskThread "GC Thread#5" [stack: 0x000000fb2d500000,0x000000fb2d600000] [id=13396]
  0x000002e6c0e65000 ConcurrentGCThread "G1 Main Marker" [stack: 0x000000fb2c100000,0x000000fb2c200000] [id=6764]
  0x000002e6c0e66000 ConcurrentGCThread "G1 Conc#0" [stack: 0x000000fb2c200000,0x000000fb2c300000] [id=4464]
  0x000002e6c0ece800 ConcurrentGCThread "G1 Refine#0" [stack: 0x000000fb2c300000,0x000000fb2c400000] [id=2456]
  0x000002e6e653d800 ConcurrentGCThread "G1 Young RemSet Sampling" [stack: 0x000000fb2c400000,0x000000fb2c500000] [id=12348]

Threads with active compile tasks:
C2 CompilerThread0  1410       4       java.util.HashMap::put (13 bytes)

VM state:not at safepoint (normal execution)

VM Mutex/Monitor currently owned by a thread: None

Heap address: 0x0000000702800000, size: 4056 MB, Compressed Oops mode: Zero based, Oop shift amount: 3
Narrow klass base: 0x0000000800000000, Narrow klass shift: 3
Compressed class space size: 1073741824 Address: 0x00000008011a0000

Heap:
 garbage-first heap   total 260096K, used 118435K [0x0000000702800000, 0x0000000800000000)
  region size 1024K, 48 young (49152K), 2 survivors (2048K)
 Metaspace       used 9149K, capacity 9678K, committed 9984K, reserved 1062912K
  class space    used 993K, capacity 1227K, committed 1280K, reserved 1048576K
Heap Regions: E=young(eden), S=young(survivor), O=old, HS=humongous(starts), HC=humongous(continues), CS=collection set, F=free, A=archive, TAMS=top-at-mark-start (previous, next)
|   0|0x0000000702800000, 0x0000000702900000, 0x0000000702900000|100%|HS|  |TAMS 0x0000000702800000, 0x0000000702800000| Complete 
|   1|0x0000000702900000, 0x0000000702a00000, 0x0000000702a00000|100%|HC|  |TAMS 0x0000000702900000, 0x0000000702900000| Complete 
|   2|0x0000000702a00000, 0x0000000702b00000, 0x0000000702b00000|100%|HC|  |TAMS 0x0000000702a00000, 0x0000000702a00000| Complete 
|   3|0x0000000702b00000, 0x0000000702c00000, 0x0000000702c00000|100%|HS|  |TAMS 0x0000000702b00000, 0x0000000702b00000| Complete 
|   4|0x0000000702c00000, 0x0000000702d00000, 0x0000000702d00000|100%|HC|  |TAMS 0x0000000702c00000, 0x0000000702c00000| Complete 
|   5|0x0000000702d00000, 0x0000000702e00000, 0x0000000702e00000|100%|HC|  |TAMS 0x0000000702d00000, 0x0000000702d00000| Complete 
|   6|0x0000000702e00000, 0x0000000702f00000, 0x0000000702f00000|100%|HC|  |TAMS 0x0000000702e00000, 0x0000000702e00000| Complete 
|   7|0x0000000702f00000, 0x0000000703000000, 0x0000000703000000|100%|HS|  |TAMS 0x0000000702f00000, 0x0000000702f00000| Complete 
|   8|0x0000000703000000, 0x0000000703100000, 0x0000000703100000|100%|HC|  |TAMS 0x0000000703000000, 0x0000000703000000| Complete 
|   9|0x0000000703100000, 0x0000000703200000, 0x0000000703200000|100%|HC|  |TAMS 0x0000000703100000, 0x0000000703100000| Complete 
|  10|0x0000000703200000, 0x0000000703300000, 0x0000000703300000|100%|HC|  |TAMS 0x0000000703200000, 0x0000000703200000| Complete 
|  11|0x0000000703300000, 0x0000000703400000, 0x0000000703400000|100%|HS|  |TAMS 0x0000000703300000, 0x0000000703300000| Complete 
|  12|0x0000000703400000, 0x0000000703500000, 0x0000000703500000|100%|HC|  |TAMS 0x0000000703400000, 0x0000000703400000| Complete 
|  13|0x0000000703500000, 0x0000000703600000, 0x0000000703600000|100%|HC|  |TAMS 0x0000000703500000, 0x0000000703500000| Complete 
|  14|0x0000000703600000, 0x0000000703700000, 0x0000000703700000|100%|HS|  |TAMS 0x0000000703600000, 0x0000000703600000| Complete 
|  15|0x0000000703700000, 0x0000000703800000, 0x0000000703800000|100%|HC|  |TAMS 0x0000000703700000, 0x0000000703700000| Complete 
|  16|0x0000000703800000, 0x0000000703900000, 0x0000000703900000|100%|HC|  |TAMS 0x0000000703800000, 0x0000000703800000| Complete 
|  17|0x0000000703900000, 0x0000000703a00000, 0x0000000703a00000|100%|HS|  |TAMS 0x0000000703900000, 0x0000000703900000| Complete 
|  18|0x0000000703a00000, 0x0000000703b00000, 0x0000000703b00000|100%|HC|  |TAMS 0x0000000703a00000, 0x0000000703a00000| Complete 
|  19|0x0000000703b00000, 0x0000000703c00000, 0x0000000703c00000|100%|HC|  |TAMS 0x0000000703b00000, 0x0000000703b00000| Complete 
|  20|0x0000000703c00000, 0x0000000703d00000, 0x0000000703d00000|100%|HS|  |TAMS 0x0000000703c00000, 0x0000000703c00000| Complete 
|  21|0x0000000703d00000, 0x0000000703e00000, 0x0000000703e00000|100%|HC|  |TAMS 0x0000000703d00000, 0x0000000703d00000| Complete 
|  22|0x0000000703e00000, 0x0000000703f00000, 0x0000000703f00000|100%|HC|  |TAMS 0x0000000703e00000, 0x0000000703e00000| Complete 
|  23|0x0000000703f00000, 0x0000000704000000, 0x0000000704000000|100%|HC|  |TAMS 0x0000000703f00000, 0x0000000703f00000| Complete 
|  24|0x0000000704000000, 0x0000000704100000, 0x0000000704100000|100%|HS|  |TAMS 0x0000000704000000, 0x0000000704000000| Complete 
|  25|0x0000000704100000, 0x0000000704200000, 0x0000000704200000|100%|HC|  |TAMS 0x0000000704100000, 0x0000000704100000| Complete 
|  26|0x0000000704200000, 0x0000000704300000, 0x0000000704300000|100%|HC|  |TAMS 0x0000000704200000, 0x0000000704200000| Complete 
|  27|0x0000000704300000, 0x0000000704400000, 0x0000000704400000|100%|HS|  |TAMS 0x0000000704300000, 0x0000000704300000| Complete 
|  28|0x0000000704400000, 0x0000000704500000, 0x0000000704500000|100%|HC|  |TAMS 0x0000000704400000, 0x0000000704400000| Complete 
|  29|0x0000000704500000, 0x0000000704600000, 0x0000000704600000|100%|HC|  |TAMS 0x0000000704500000, 0x0000000704500000| Complete 
|  30|0x0000000704600000, 0x0000000704700000, 0x0000000704700000|100%|HS|  |TAMS 0x0000000704600000, 0x0000000704600000| Complete 
|  31|0x0000000704700000, 0x0000000704800000, 0x0000000704800000|100%|HC|  |TAMS 0x0000000704700000, 0x0000000704700000| Complete 
|  32|0x0000000704800000, 0x0000000704900000, 0x0000000704900000|100%|HC|  |TAMS 0x0000000704800000, 0x0000000704800000| Complete 
|  33|0x0000000704900000, 0x0000000704a00000, 0x0000000704a00000|100%|HS|  |TAMS 0x0000000704900000, 0x0000000704900000| Complete 
|  34|0x0000000704a00000, 0x0000000704b00000, 0x0000000704b00000|100%|HC|  |TAMS 0x0000000704a00000, 0x0000000704a00000| Complete 
|  35|0x0000000704b00000, 0x0000000704c00000, 0x0000000704c00000|100%|HC|  |TAMS 0x0000000704b00000, 0x0000000704b00000| Complete 
|  36|0x0000000704c00000, 0x0000000704d00000, 0x0000000704d00000|100%|HS|  |TAMS 0x0000000704c00000, 0x0000000704c00000| Complete 
|  37|0x0000000704d00000, 0x0000000704e00000, 0x0000000704e00000|100%|HC|  |TAMS 0x0000000704d00000, 0x0000000704d00000| Complete 
|  38|0x0000000704e00000, 0x0000000704f00000, 0x0000000704f00000|100%|HC|  |TAMS 0x0000000704e00000, 0x0000000704e00000| Complete 
|  39|0x0000000704f00000, 0x0000000705000000, 0x0000000705000000|100%|HC|  |TAMS 0x0000000704f00000, 0x0000000704f00000| Complete 
|  40|0x0000000705000000, 0x0000000705100000, 0x0000000705100000|100%|HS|  |TAMS 0x0000000705000000, 0x0000000705000000| Complete 
|  41|0x0000000705100000, 0x0000000705200000, 0x0000000705200000|100%|HC|  |TAMS 0x0000000705100000, 0x0000000705100000| Complete 
|  42|0x0000000705200000, 0x0000000705300000, 0x0000000705300000|100%|HC|  |TAMS 0x0000000705200000, 0x0000000705200000| Complete 
|  43|0x0000000705300000, 0x0000000705400000, 0x0000000705400000|100%|HC|  |TAMS 0x0000000705300000, 0x0000000705300000| Complete 
|  44|0x0000000705400000, 0x0000000705500000, 0x0000000705500000|100%|HS|  |TAMS 0x0000000705400000, 0x0000000705400000| Complete 
|  45|0x0000000705500000, 0x0000000705600000, 0x0000000705600000|100%|HC|  |TAMS 0x0000000705500000, 0x0000000705500000| Complete 
|  46|0x0000000705600000, 0x0000000705700000, 0x0000000705700000|100%|HC|  |TAMS 0x0000000705600000, 0x0000000705600000| Complete 
|  47|0x0000000705700000, 0x0000000705800000, 0x0000000705800000|100%|HC|  |TAMS 0x0000000705700000, 0x0000000705700000| Complete 
|  48|0x0000000705800000, 0x0000000705900000, 0x0000000705900000|100%|HS|  |TAMS 0x0000000705800000, 0x0000000705800000| Complete 
|  49|0x0000000705900000, 0x0000000705a00000, 0x0000000705a00000|100%|HC|  |TAMS 0x0000000705900000, 0x0000000705900000| Complete 
|  50|0x0000000705a00000, 0x0000000705b00000, 0x0000000705b00000|100%|HC|  |TAMS 0x0000000705a00000, 0x0000000705a00000| Complete 
|  51|0x0000000705b00000, 0x0000000705c00000, 0x0000000705c00000|100%|HS|  |TAMS 0x0000000705b00000, 0x0000000705b00000| Complete 
|  52|0x0000000705c00000, 0x0000000705d00000, 0x0000000705d00000|100%|HC|  |TAMS 0x0000000705c00000, 0x0000000705c00000| Complete 
|  53|0x0000000705d00000, 0x0000000705e00000, 0x0000000705e00000|100%|HC|  |TAMS 0x0000000705d00000, 0x0000000705d00000| Complete 
|  54|0x0000000705e00000, 0x0000000705f00000, 0x0000000705f00000|100%|HS|  |TAMS 0x0000000705e00000, 0x0000000705e00000| Complete 
|  55|0x0000000705f00000, 0x0000000706000000, 0x0000000706000000|100%|HC|  |TAMS 0x0000000705f00000, 0x0000000705f00000| Complete 
|  56|0x0000000706000000, 0x0000000706100000, 0x0000000706100000|100%|HC|  |TAMS 0x0000000706000000, 0x0000000706000000| Complete 
|  57|0x0000000706100000, 0x0000000706200000, 0x0000000706200000|100%|HC|  |TAMS 0x0000000706100000, 0x0000000706100000| Complete 
|  58|0x0000000706200000, 0x0000000706300000, 0x0000000706300000|100%|HS|  |TAMS 0x0000000706200000, 0x0000000706200000| Complete 
|  59|0x0000000706300000, 0x0000000706400000, 0x0000000706400000|100%|HC|  |TAMS 0x0000000706300000, 0x0000000706300000| Complete 
|  60|0x0000000706400000, 0x0000000706500000, 0x0000000706500000|100%|HC|  |TAMS 0x0000000706400000, 0x0000000706400000| Complete 
|  61|0x0000000706500000, 0x0000000706600000, 0x0000000706600000|100%|HS|  |TAMS 0x0000000706500000, 0x0000000706500000| Complete 
|  62|0x0000000706600000, 0x0000000706700000, 0x0000000706700000|100%|HC|  |TAMS 0x0000000706600000, 0x0000000706600000| Complete 
|  63|0x0000000706700000, 0x0000000706800000, 0x0000000706800000|100%|HS|  |TAMS 0x0000000706700000, 0x0000000706700000| Complete 
|  64|0x0000000706800000, 0x0000000706900000, 0x0000000706900000|100%|HC|  |TAMS 0x0000000706800000, 0x0000000706800000| Complete 
|  65|0x0000000706900000, 0x0000000706a00000, 0x0000000706a00000|100%|HC|  |TAMS 0x0000000706900000, 0x0000000706900000| Complete 
|  66|0x0000000706a00000, 0x0000000706b00000, 0x0000000706b00000|100%|HC|  |TAMS 0x0000000706a00000, 0x0000000706a00000| Complete 
|  67|0x0000000706b00000, 0x0000000706c00000, 0x0000000706c00000|100%|HC|  |TAMS 0x0000000706b00000, 0x0000000706b00000| Complete 
|  68|0x0000000706c00000, 0x0000000706d00000, 0x0000000706d00000|100%|HC|  |TAMS 0x0000000706c00000, 0x0000000706c00000| Complete 
|  69|0x0000000706d00000, 0x0000000706d00000, 0x0000000706e00000|  0%| F|  |TAMS 0x0000000706d00000, 0x0000000706d00000| Untracked 
|  70|0x0000000706e00000, 0x0000000706e00000, 0x0000000706f00000|  0%| F|  |TAMS 0x0000000706e00000, 0x0000000706e00000| Untracked 
|  71|0x0000000706f00000, 0x0000000706f00000, 0x0000000707000000|  0%| F|  |TAMS 0x0000000706f00000, 0x0000000706f00000| Untracked 
|  72|0x0000000707000000, 0x0000000707000000, 0x0000000707100000|  0%| F|  |TAMS 0x0000000707000000, 0x0000000707000000| Untracked 
|  73|0x0000000707100000, 0x0000000707100000, 0x0000000707200000|  0%| F|  |TAMS 0x0000000707100000, 0x0000000707100000| Untracked 
|  74|0x0000000707200000, 0x0000000707200000, 0x0000000707300000|  0%| F|  |TAMS 0x0000000707200000, 0x0000000707200000| Untracked 
|  75|0x0000000707300000, 0x0000000707300000, 0x0000000707400000|  0%| F|  |TAMS 0x0000000707300000, 0x0000000707300000| Untracked 
|  76|0x0000000707400000, 0x0000000707400000, 0x0000000707500000|  0%| F|  |TAMS 0x0000000707400000, 0x0000000707400000| Untracked 
|  77|0x0000000707500000, 0x0000000707500000, 0x0000000707600000|  0%| F|  |TAMS 0x0000000707500000, 0x0000000707500000| Untracked 
|  78|0x0000000707600000, 0x0000000707600000, 0x0000000707700000|  0%| F|  |TAMS 0x0000000707600000, 0x0000000707600000| Untracked 
|  79|0x0000000707700000, 0x0000000707700000, 0x0000000707800000|  0%| F|  |TAMS 0x0000000707700000, 0x0000000707700000| Untracked 
|  80|0x0000000707800000, 0x0000000707800000, 0x0000000707900000|  0%| F|  |TAMS 0x0000000707800000, 0x0000000707800000| Untracked 
|  81|0x0000000707900000, 0x0000000707900000, 0x0000000707a00000|  0%| F|  |TAMS 0x0000000707900000, 0x0000000707900000| Untracked 
|  82|0x0000000707a00000, 0x0000000707a00000, 0x0000000707b00000|  0%| F|  |TAMS 0x0000000707a00000, 0x0000000707a00000| Untracked 
|  83|0x0000000707b00000, 0x0000000707b00000, 0x0000000707c00000|  0%| F|  |TAMS 0x0000000707b00000, 0x0000000707b00000| Untracked 
|  84|0x0000000707c00000, 0x0000000707c00000, 0x0000000707d00000|  0%| F|  |TAMS 0x0000000707c00000, 0x0000000707c00000| Untracked 
|  85|0x0000000707d00000, 0x0000000707d00000, 0x0000000707e00000|  0%| F|  |TAMS 0x0000000707d00000, 0x0000000707d00000| Untracked 
|  86|0x0000000707e00000, 0x0000000707e00000, 0x0000000707f00000|  0%| F|  |TAMS 0x0000000707e00000, 0x0000000707e00000| Untracked 
|  87|0x0000000707f00000, 0x0000000707f00000, 0x0000000708000000|  0%| F|  |TAMS 0x0000000707f00000, 0x0000000707f00000| Untracked 
|  88|0x0000000708000000, 0x0000000708000000, 0x0000000708100000|  0%| F|  |TAMS 0x0000000708000000, 0x0000000708000000| Untracked 
|  89|0x0000000708100000, 0x0000000708100000, 0x0000000708200000|  0%| F|  |TAMS 0x0000000708100000, 0x0000000708100000| Untracked 
|  90|0x0000000708200000, 0x0000000708200000, 0x0000000708300000|  0%| F|  |TAMS 0x0000000708200000, 0x0000000708200000| Untracked 
|  91|0x0000000708300000, 0x0000000708300000, 0x0000000708400000|  0%| F|  |TAMS 0x0000000708300000, 0x0000000708300000| Untracked 
|  92|0x0000000708400000, 0x0000000708400000, 0x0000000708500000|  0%| F|  |TAMS 0x0000000708400000, 0x0000000708400000| Untracked 
|  93|0x0000000708500000, 0x0000000708500000, 0x0000000708600000|  0%| F|  |TAMS 0x0000000708500000, 0x0000000708500000| Untracked 
|  94|0x0000000708600000, 0x0000000708600000, 0x0000000708700000|  0%| F|  |TAMS 0x0000000708600000, 0x0000000708600000| Untracked 
|  95|0x0000000708700000, 0x0000000708700000, 0x0000000708800000|  0%| F|  |TAMS 0x0000000708700000, 0x0000000708700000| Untracked 
|  96|0x0000000708800000, 0x0000000708800000, 0x0000000708900000|  0%| F|  |TAMS 0x0000000708800000, 0x0000000708800000| Untracked 
|  97|0x0000000708900000, 0x0000000708900000, 0x0000000708a00000|  0%| F|  |TAMS 0x0000000708900000, 0x0000000708900000| Untracked 
|  98|0x0000000708a00000, 0x0000000708a00000, 0x0000000708b00000|  0%| F|  |TAMS 0x0000000708a00000, 0x0000000708a00000| Untracked 
|  99|0x0000000708b00000, 0x0000000708b00000, 0x0000000708c00000|  0%| F|  |TAMS 0x0000000708b00000, 0x0000000708b00000| Untracked 
| 100|0x0000000708c00000, 0x0000000708c00000, 0x0000000708d00000|  0%| F|  |TAMS 0x0000000708c00000, 0x0000000708c00000| Untracked 
| 101|0x0000000708d00000, 0x0000000708d00000, 0x0000000708e00000|  0%| F|  |TAMS 0x0000000708d00000, 0x0000000708d00000| Untracked 
| 102|0x0000000708e00000, 0x0000000708e00000, 0x0000000708f00000|  0%| F|  |TAMS 0x0000000708e00000, 0x0000000708e00000| Untracked 
| 103|0x0000000708f00000, 0x0000000708f00000, 0x0000000709000000|  0%| F|  |TAMS 0x0000000708f00000, 0x0000000708f00000| Untracked 
| 104|0x0000000709000000, 0x0000000709000000, 0x0000000709100000|  0%| F|  |TAMS 0x0000000709000000, 0x0000000709000000| Untracked 
| 105|0x0000000709100000, 0x0000000709100000, 0x0000000709200000|  0%| F|  |TAMS 0x0000000709100000, 0x0000000709100000| Untracked 
| 106|0x0000000709200000, 0x0000000709200000, 0x0000000709300000|  0%| F|  |TAMS 0x0000000709200000, 0x0000000709200000| Untracked 
| 107|0x0000000709300000, 0x0000000709300000, 0x0000000709400000|  0%| F|  |TAMS 0x0000000709300000, 0x0000000709300000| Untracked 
| 108|0x0000000709400000, 0x0000000709400000, 0x0000000709500000|  0%| F|  |TAMS 0x0000000709400000, 0x0000000709400000| Untracked 
| 109|0x0000000709500000, 0x0000000709500000, 0x0000000709600000|  0%| F|  |TAMS 0x0000000709500000, 0x0000000709500000| Untracked 
| 110|0x0000000709600000, 0x0000000709600000, 0x0000000709700000|  0%| F|  |TAMS 0x0000000709600000, 0x0000000709600000| Untracked 
| 111|0x0000000709700000, 0x0000000709700000, 0x0000000709800000|  0%| F|  |TAMS 0x0000000709700000, 0x0000000709700000| Untracked 
| 112|0x0000000709800000, 0x0000000709800000, 0x0000000709900000|  0%| F|  |TAMS 0x0000000709800000, 0x0000000709800000| Untracked 
| 113|0x0000000709900000, 0x0000000709900000, 0x0000000709a00000|  0%| F|  |TAMS 0x0000000709900000, 0x0000000709900000| Untracked 
| 114|0x0000000709a00000, 0x0000000709a00000, 0x0000000709b00000|  0%| F|  |TAMS 0x0000000709a00000, 0x0000000709a00000| Untracked 
| 115|0x0000000709b00000, 0x0000000709b00000, 0x0000000709c00000|  0%| F|  |TAMS 0x0000000709b00000, 0x0000000709b00000| Untracked 
| 116|0x0000000709c00000, 0x0000000709c00000, 0x0000000709d00000|  0%| F|  |TAMS 0x0000000709c00000, 0x0000000709c00000| Untracked 
| 117|0x0000000709d00000, 0x0000000709d00000, 0x0000000709e00000|  0%| F|  |TAMS 0x0000000709d00000, 0x0000000709d00000| Untracked 
| 118|0x0000000709e00000, 0x0000000709e00000, 0x0000000709f00000|  0%| F|  |TAMS 0x0000000709e00000, 0x0000000709e00000| Untracked 
| 119|0x0000000709f00000, 0x0000000709f00000, 0x000000070a000000|  0%| F|  |TAMS 0x0000000709f00000, 0x0000000709f00000| Untracked 
| 120|0x000000070a000000, 0x000000070a000000, 0x000000070a100000|  0%| F|  |TAMS 0x000000070a000000, 0x000000070a000000| Untracked 
| 121|0x000000070a100000, 0x000000070a100000, 0x000000070a200000|  0%| F|  |TAMS 0x000000070a100000, 0x000000070a100000| Untracked 
| 122|0x000000070a200000, 0x000000070a200000, 0x000000070a300000|  0%| F|  |TAMS 0x000000070a200000, 0x000000070a200000| Untracked 
| 123|0x000000070a300000, 0x000000070a300000, 0x000000070a400000|  0%| F|  |TAMS 0x000000070a300000, 0x000000070a300000| Untracked 
| 124|0x000000070a400000, 0x000000070a400000, 0x000000070a500000|  0%| F|  |TAMS 0x000000070a400000, 0x000000070a400000| Untracked 
| 125|0x000000070a500000, 0x000000070a500000, 0x000000070a600000|  0%| F|  |TAMS 0x000000070a500000, 0x000000070a500000| Untracked 
| 126|0x000000070a600000, 0x000000070a600000, 0x000000070a700000|  0%| F|  |TAMS 0x000000070a600000, 0x000000070a600000| Untracked 
| 127|0x000000070a700000, 0x000000070a700000, 0x000000070a800000|  0%| F|  |TAMS 0x000000070a700000, 0x000000070a700000| Untracked 
| 128|0x000000070a800000, 0x000000070a800000, 0x000000070a900000|  0%| F|  |TAMS 0x000000070a800000, 0x000000070a800000| Untracked 
| 129|0x000000070a900000, 0x000000070a900000, 0x000000070aa00000|  0%| F|  |TAMS 0x000000070a900000, 0x000000070a900000| Untracked 
| 130|0x000000070aa00000, 0x000000070aa00000, 0x000000070ab00000|  0%| F|  |TAMS 0x000000070aa00000, 0x000000070aa00000| Untracked 
| 131|0x000000070ab00000, 0x000000070ab00000, 0x000000070ac00000|  0%| F|  |TAMS 0x000000070ab00000, 0x000000070ab00000| Untracked 
| 132|0x000000070ac00000, 0x000000070ac00000, 0x000000070ad00000|  0%| F|  |TAMS 0x000000070ac00000, 0x000000070ac00000| Untracked 
| 133|0x000000070ad00000, 0x000000070ad00000, 0x000000070ae00000|  0%| F|  |TAMS 0x000000070ad00000, 0x000000070ad00000| Untracked 
| 134|0x000000070ae00000, 0x000000070ae00000, 0x000000070af00000|  0%| F|  |TAMS 0x000000070ae00000, 0x000000070ae00000| Untracked 
| 135|0x000000070af00000, 0x000000070af00000, 0x000000070b000000|  0%| F|  |TAMS 0x000000070af00000, 0x000000070af00000| Untracked 
| 136|0x000000070b000000, 0x000000070b000000, 0x000000070b100000|  0%| F|  |TAMS 0x000000070b000000, 0x000000070b000000| Untracked 
| 137|0x000000070b100000, 0x000000070b100000, 0x000000070b200000|  0%| F|  |TAMS 0x000000070b100000, 0x000000070b100000| Untracked 
| 138|0x000000070b200000, 0x000000070b200000, 0x000000070b300000|  0%| F|  |TAMS 0x000000070b200000, 0x000000070b200000| Untracked 
| 139|0x000000070b300000, 0x000000070b300000, 0x000000070b400000|  0%| F|  |TAMS 0x000000070b300000, 0x000000070b300000| Untracked 
| 140|0x000000070b400000, 0x000000070b400000, 0x000000070b500000|  0%| F|  |TAMS 0x000000070b400000, 0x000000070b400000| Untracked 
| 141|0x000000070b500000, 0x000000070b500000, 0x000000070b600000|  0%| F|  |TAMS 0x000000070b500000, 0x000000070b500000| Untracked 
| 142|0x000000070b600000, 0x000000070b600000, 0x000000070b700000|  0%| F|  |TAMS 0x000000070b600000, 0x000000070b600000| Untracked 
| 143|0x000000070b700000, 0x000000070b700000, 0x000000070b800000|  0%| F|  |TAMS 0x000000070b700000, 0x000000070b700000| Untracked 
| 144|0x000000070b800000, 0x000000070b800000, 0x000000070b900000|  0%| F|  |TAMS 0x000000070b800000, 0x000000070b800000| Untracked 
| 145|0x000000070b900000, 0x000000070b900000, 0x000000070ba00000|  0%| F|  |TAMS 0x000000070b900000, 0x000000070b900000| Untracked 
| 146|0x000000070ba00000, 0x000000070ba00000, 0x000000070bb00000|  0%| F|  |TAMS 0x000000070ba00000, 0x000000070ba00000| Untracked 
| 147|0x000000070bb00000, 0x000000070bb00000, 0x000000070bc00000|  0%| F|  |TAMS 0x000000070bb00000, 0x000000070bb00000| Untracked 
| 148|0x000000070bc00000, 0x000000070bc00000, 0x000000070bd00000|  0%| F|  |TAMS 0x000000070bc00000, 0x000000070bc00000| Untracked 
| 149|0x000000070bd00000, 0x000000070bd00000, 0x000000070be00000|  0%| F|  |TAMS 0x000000070bd00000, 0x000000070bd00000| Untracked 
| 150|0x000000070be00000, 0x000000070be00000, 0x000000070bf00000|  0%| F|  |TAMS 0x000000070be00000, 0x000000070be00000| Untracked 
| 151|0x000000070bf00000, 0x000000070bf00000, 0x000000070c000000|  0%| F|  |TAMS 0x000000070bf00000, 0x000000070bf00000| Untracked 
| 152|0x000000070c000000, 0x000000070c000000, 0x000000070c100000|  0%| F|  |TAMS 0x000000070c000000, 0x000000070c000000| Untracked 
| 153|0x000000070c100000, 0x000000070c100000, 0x000000070c200000|  0%| F|  |TAMS 0x000000070c100000, 0x000000070c100000| Untracked 
| 154|0x000000070c200000, 0x000000070c200000, 0x000000070c300000|  0%| F|  |TAMS 0x000000070c200000, 0x000000070c200000| Untracked 
| 155|0x000000070c300000, 0x000000070c300000, 0x000000070c400000|  0%| F|  |TAMS 0x000000070c300000, 0x000000070c300000| Untracked 
| 156|0x000000070c400000, 0x000000070c400000, 0x000000070c500000|  0%| F|  |TAMS 0x000000070c400000, 0x000000070c400000| Untracked 
| 157|0x000000070c500000, 0x000000070c500000, 0x000000070c600000|  0%| F|  |TAMS 0x000000070c500000, 0x000000070c500000| Untracked 
| 158|0x000000070c600000, 0x000000070c600000, 0x000000070c700000|  0%| F|  |TAMS 0x000000070c600000, 0x000000070c600000| Untracked 
| 159|0x000000070c700000, 0x000000070c700000, 0x000000070c800000|  0%| F|  |TAMS 0x000000070c700000, 0x000000070c700000| Untracked 
| 160|0x000000070c800000, 0x000000070c800000, 0x000000070c900000|  0%| F|  |TAMS 0x000000070c800000, 0x000000070c800000| Untracked 
| 161|0x000000070c900000, 0x000000070c900000, 0x000000070ca00000|  0%| F|  |TAMS 0x000000070c900000, 0x000000070c900000| Untracked 
| 162|0x000000070ca00000, 0x000000070ca00000, 0x000000070cb00000|  0%| F|  |TAMS 0x000000070ca00000, 0x000000070ca00000| Untracked 
| 163|0x000000070cb00000, 0x000000070cb00000, 0x000000070cc00000|  0%| F|  |TAMS 0x000000070cb00000, 0x000000070cb00000| Untracked 
| 164|0x000000070cc00000, 0x000000070cc00000, 0x000000070cd00000|  0%| F|  |TAMS 0x000000070cc00000, 0x000000070cc00000| Untracked 
| 165|0x000000070cd00000, 0x000000070cd00000, 0x000000070ce00000|  0%| F|  |TAMS 0x000000070cd00000, 0x000000070cd00000| Untracked 
| 166|0x000000070ce00000, 0x000000070ce00000, 0x000000070cf00000|  0%| F|  |TAMS 0x000000070ce00000, 0x000000070ce00000| Untracked 
| 167|0x000000070cf00000, 0x000000070cf00000, 0x000000070d000000|  0%| F|  |TAMS 0x000000070cf00000, 0x000000070cf00000| Untracked 
| 168|0x000000070d000000, 0x000000070d000000, 0x000000070d100000|  0%| F|  |TAMS 0x000000070d000000, 0x000000070d000000| Untracked 
| 169|0x000000070d100000, 0x000000070d100000, 0x000000070d200000|  0%| F|  |TAMS 0x000000070d100000, 0x000000070d100000| Untracked 
| 170|0x000000070d200000, 0x000000070d200000, 0x000000070d300000|  0%| F|  |TAMS 0x000000070d200000, 0x000000070d200000| Untracked 
| 171|0x000000070d300000, 0x000000070d300000, 0x000000070d400000|  0%| F|  |TAMS 0x000000070d300000, 0x000000070d300000| Untracked 
| 172|0x000000070d400000, 0x000000070d400000, 0x000000070d500000|  0%| F|  |TAMS 0x000000070d400000, 0x000000070d400000| Untracked 
| 173|0x000000070d500000, 0x000000070d500000, 0x000000070d600000|  0%| F|  |TAMS 0x000000070d500000, 0x000000070d500000| Untracked 
| 174|0x000000070d600000, 0x000000070d600000, 0x000000070d700000|  0%| F|  |TAMS 0x000000070d600000, 0x000000070d600000| Untracked 
| 175|0x000000070d700000, 0x000000070d700000, 0x000000070d800000|  0%| F|  |TAMS 0x000000070d700000, 0x000000070d700000| Untracked 
| 176|0x000000070d800000, 0x000000070d800000, 0x000000070d900000|  0%| F|  |TAMS 0x000000070d800000, 0x000000070d800000| Untracked 
| 177|0x000000070d900000, 0x000000070d900000, 0x000000070da00000|  0%| F|  |TAMS 0x000000070d900000, 0x000000070d900000| Untracked 
| 178|0x000000070da00000, 0x000000070da00000, 0x000000070db00000|  0%| F|  |TAMS 0x000000070da00000, 0x000000070da00000| Untracked 
| 179|0x000000070db00000, 0x000000070db00000, 0x000000070dc00000|  0%| F|  |TAMS 0x000000070db00000, 0x000000070db00000| Untracked 
| 180|0x000000070dc00000, 0x000000070dc00000, 0x000000070dd00000|  0%| F|  |TAMS 0x000000070dc00000, 0x000000070dc00000| Untracked 
| 181|0x000000070dd00000, 0x000000070dd00000, 0x000000070de00000|  0%| F|  |TAMS 0x000000070dd00000, 0x000000070dd00000| Untracked 
| 182|0x000000070de00000, 0x000000070de00000, 0x000000070df00000|  0%| F|  |TAMS 0x000000070de00000, 0x000000070de00000| Untracked 
| 183|0x000000070df00000, 0x000000070df00000, 0x000000070e000000|  0%| F|  |TAMS 0x000000070df00000, 0x000000070df00000| Untracked 
| 184|0x000000070e000000, 0x000000070e000000, 0x000000070e100000|  0%| F|  |TAMS 0x000000070e000000, 0x000000070e000000| Untracked 
| 185|0x000000070e100000, 0x000000070e100000, 0x000000070e200000|  0%| F|  |TAMS 0x000000070e100000, 0x000000070e100000| Untracked 
| 186|0x000000070e200000, 0x000000070e200000, 0x000000070e300000|  0%| F|  |TAMS 0x000000070e200000, 0x000000070e200000| Untracked 
| 187|0x000000070e300000, 0x000000070e300000, 0x000000070e400000|  0%| F|  |TAMS 0x000000070e300000, 0x000000070e300000| Untracked 
| 188|0x000000070e400000, 0x000000070e400000, 0x000000070e500000|  0%| F|  |TAMS 0x000000070e400000, 0x000000070e400000| Untracked 
| 189|0x000000070e500000, 0x000000070e500000, 0x000000070e600000|  0%| F|  |TAMS 0x000000070e500000, 0x000000070e500000| Untracked 
| 190|0x000000070e600000, 0x000000070e600000, 0x000000070e700000|  0%| F|  |TAMS 0x000000070e600000, 0x000000070e600000| Untracked 
| 191|0x000000070e700000, 0x000000070e700000, 0x000000070e800000|  0%| F|  |TAMS 0x000000070e700000, 0x000000070e700000| Untracked 
| 192|0x000000070e800000, 0x000000070e800000, 0x000000070e900000|  0%| F|  |TAMS 0x000000070e800000, 0x000000070e800000| Untracked 
| 193|0x000000070e900000, 0x000000070e900000, 0x000000070ea00000|  0%| F|  |TAMS 0x000000070e900000, 0x000000070e900000| Untracked 
| 194|0x000000070ea00000, 0x000000070ea00000, 0x000000070eb00000|  0%| F|  |TAMS 0x000000070ea00000, 0x000000070ea00000| Untracked 
| 195|0x000000070eb00000, 0x000000070eb00000, 0x000000070ec00000|  0%| F|  |TAMS 0x000000070eb00000, 0x000000070eb00000| Untracked 
| 196|0x000000070ec00000, 0x000000070ec00000, 0x000000070ed00000|  0%| F|  |TAMS 0x000000070ec00000, 0x000000070ec00000| Untracked 
| 197|0x000000070ed00000, 0x000000070ed00000, 0x000000070ee00000|  0%| F|  |TAMS 0x000000070ed00000, 0x000000070ed00000| Untracked 
| 198|0x000000070ee00000, 0x000000070ee00000, 0x000000070ef00000|  0%| F|  |TAMS 0x000000070ee00000, 0x000000070ee00000| Untracked 
| 199|0x000000070ef00000, 0x000000070ef00000, 0x000000070f000000|  0%| F|  |TAMS 0x000000070ef00000, 0x000000070ef00000| Untracked 
| 200|0x000000070f000000, 0x000000070f000000, 0x000000070f100000|  0%| F|  |TAMS 0x000000070f000000, 0x000000070f000000| Untracked 
| 201|0x000000070f100000, 0x000000070f100000, 0x000000070f200000|  0%| F|  |TAMS 0x000000070f100000, 0x000000070f100000| Untracked 
| 202|0x000000070f200000, 0x000000070f200000, 0x000000070f300000|  0%| F|  |TAMS 0x000000070f200000, 0x000000070f200000| Untracked 
| 203|0x000000070f300000, 0x000000070f300000, 0x000000070f400000|  0%| F|  |TAMS 0x000000070f300000, 0x000000070f300000| Untracked 
| 204|0x000000070f400000, 0x000000070f400000, 0x000000070f500000|  0%| F|  |TAMS 0x000000070f400000, 0x000000070f400000| Untracked 
| 205|0x000000070f500000, 0x000000070f500000, 0x000000070f600000|  0%| F|  |TAMS 0x000000070f500000, 0x000000070f500000| Untracked 
| 206|0x000000070f600000, 0x000000070f680800, 0x000000070f700000| 50%| E|  |TAMS 0x000000070f600000, 0x000000070f600000| Complete 
| 207|0x000000070f700000, 0x000000070f800000, 0x000000070f800000|100%| E|CS|TAMS 0x000000070f700000, 0x000000070f700000| Complete 
| 208|0x000000070f800000, 0x000000070f900000, 0x000000070f900000|100%| E|CS|TAMS 0x000000070f800000, 0x000000070f800000| Complete 
| 209|0x000000070f900000, 0x000000070fa00000, 0x000000070fa00000|100%| E|CS|TAMS 0x000000070f900000, 0x000000070f900000| Complete 
| 210|0x000000070fa00000, 0x000000070fb00000, 0x000000070fb00000|100%| E|CS|TAMS 0x000000070fa00000, 0x000000070fa00000| Complete 
| 211|0x000000070fb00000, 0x000000070fc00000, 0x000000070fc00000|100%| E|CS|TAMS 0x000000070fb00000, 0x000000070fb00000| Complete 
| 212|0x000000070fc00000, 0x000000070fd00000, 0x000000070fd00000|100%| E|CS|TAMS 0x000000070fc00000, 0x000000070fc00000| Complete 
| 213|0x000000070fd00000, 0x000000070fe00000, 0x000000070fe00000|100%| E|CS|TAMS 0x000000070fd00000, 0x000000070fd00000| Complete 
| 214|0x000000070fe00000, 0x000000070ff00000, 0x000000070ff00000|100%| E|CS|TAMS 0x000000070fe00000, 0x000000070fe00000| Complete 
| 215|0x000000070ff00000, 0x0000000710000000, 0x0000000710000000|100%| E|CS|TAMS 0x000000070ff00000, 0x000000070ff00000| Complete 
| 216|0x0000000710000000, 0x0000000710100000, 0x0000000710100000|100%| E|CS|TAMS 0x0000000710000000, 0x0000000710000000| Complete 
| 217|0x0000000710100000, 0x0000000710200000, 0x0000000710200000|100%| E|CS|TAMS 0x0000000710100000, 0x0000000710100000| Complete 
| 218|0x0000000710200000, 0x0000000710300000, 0x0000000710300000|100%| E|CS|TAMS 0x0000000710200000, 0x0000000710200000| Complete 
| 219|0x0000000710300000, 0x0000000710400000, 0x0000000710400000|100%| E|CS|TAMS 0x0000000710300000, 0x0000000710300000| Complete 
| 220|0x0000000710400000, 0x0000000710500000, 0x0000000710500000|100%| E|CS|TAMS 0x0000000710400000, 0x0000000710400000| Complete 
| 221|0x0000000710500000, 0x0000000710600000, 0x0000000710600000|100%| E|CS|TAMS 0x0000000710500000, 0x0000000710500000| Complete 
| 222|0x0000000710600000, 0x0000000710700000, 0x0000000710700000|100%| E|CS|TAMS 0x0000000710600000, 0x0000000710600000| Complete 
| 223|0x0000000710700000, 0x0000000710800000, 0x0000000710800000|100%| E|CS|TAMS 0x0000000710700000, 0x0000000710700000| Complete 
| 224|0x0000000710800000, 0x0000000710900000, 0x0000000710900000|100%| E|CS|TAMS 0x0000000710800000, 0x0000000710800000| Complete 
| 225|0x0000000710900000, 0x0000000710a00000, 0x0000000710a00000|100%| E|CS|TAMS 0x0000000710900000, 0x0000000710900000| Complete 
| 226|0x0000000710a00000, 0x0000000710b00000, 0x0000000710b00000|100%| E|CS|TAMS 0x0000000710a00000, 0x0000000710a00000| Complete 
| 227|0x0000000710b00000, 0x0000000710c00000, 0x0000000710c00000|100%| E|CS|TAMS 0x0000000710b00000, 0x0000000710b00000| Complete 
| 228|0x0000000710c00000, 0x0000000710ca8fd8, 0x0000000710d00000| 66%| S|CS|TAMS 0x0000000710c00000, 0x0000000710c00000| Complete 
| 229|0x0000000710d00000, 0x0000000710e00000, 0x0000000710e00000|100%| S|CS|TAMS 0x0000000710d00000, 0x0000000710d00000| Complete 
| 230|0x0000000710e00000, 0x0000000710f00000, 0x0000000710f00000|100%| E|CS|TAMS 0x0000000710e00000, 0x0000000710e00000| Complete 
| 231|0x0000000710f00000, 0x0000000711000000, 0x0000000711000000|100%| E|CS|TAMS 0x0000000710f00000, 0x0000000710f00000| Complete 
| 232|0x0000000711000000, 0x0000000711100000, 0x0000000711100000|100%| E|CS|TAMS 0x0000000711000000, 0x0000000711000000| Complete 
| 233|0x0000000711100000, 0x0000000711200000, 0x0000000711200000|100%| E|CS|TAMS 0x0000000711100000, 0x0000000711100000| Complete 
| 234|0x0000000711200000, 0x0000000711300000, 0x0000000711300000|100%| E|CS|TAMS 0x0000000711200000, 0x0000000711200000| Complete 
| 235|0x0000000711300000, 0x0000000711400000, 0x0000000711400000|100%| E|CS|TAMS 0x0000000711300000, 0x0000000711300000| Complete 
| 236|0x0000000711400000, 0x0000000711500000, 0x0000000711500000|100%| E|CS|TAMS 0x0000000711400000, 0x0000000711400000| Complete 
| 237|0x0000000711500000, 0x0000000711600000, 0x0000000711600000|100%| E|CS|TAMS 0x0000000711500000, 0x0000000711500000| Complete 
| 238|0x0000000711600000, 0x0000000711700000, 0x0000000711700000|100%| E|CS|TAMS 0x0000000711600000, 0x0000000711600000| Complete 
| 239|0x0000000711700000, 0x0000000711800000, 0x0000000711800000|100%| E|CS|TAMS 0x0000000711700000, 0x0000000711700000| Complete 
| 240|0x0000000711800000, 0x0000000711900000, 0x0000000711900000|100%| E|CS|TAMS 0x0000000711800000, 0x0000000711800000| Complete 
| 241|0x0000000711900000, 0x0000000711a00000, 0x0000000711a00000|100%| E|CS|TAMS 0x0000000711900000, 0x0000000711900000| Complete 
| 242|0x0000000711a00000, 0x0000000711b00000, 0x0000000711b00000|100%| E|CS|TAMS 0x0000000711a00000, 0x0000000711a00000| Complete 
| 243|0x0000000711b00000, 0x0000000711c00000, 0x0000000711c00000|100%| E|CS|TAMS 0x0000000711b00000, 0x0000000711b00000| Complete 
| 244|0x0000000711c00000, 0x0000000711d00000, 0x0000000711d00000|100%| E|CS|TAMS 0x0000000711c00000, 0x0000000711c00000| Complete 
| 245|0x0000000711d00000, 0x0000000711e00000, 0x0000000711e00000|100%| E|CS|TAMS 0x0000000711d00000, 0x0000000711d00000| Complete 
| 246|0x0000000711e00000, 0x0000000711f00000, 0x0000000711f00000|100%| E|CS|TAMS 0x0000000711e00000, 0x0000000711e00000| Complete 
| 247|0x0000000711f00000, 0x0000000712000000, 0x0000000712000000|100%| E|CS|TAMS 0x0000000711f00000, 0x0000000711f00000| Complete 
| 248|0x0000000712000000, 0x0000000712100000, 0x0000000712100000|100%| E|CS|TAMS 0x0000000712000000, 0x0000000712000000| Complete 
| 249|0x0000000712100000, 0x0000000712200000, 0x0000000712200000|100%| E|CS|TAMS 0x0000000712100000, 0x0000000712100000| Complete 
| 250|0x0000000712200000, 0x0000000712300000, 0x0000000712300000|100%| E|CS|TAMS 0x0000000712200000, 0x0000000712200000| Complete 
| 251|0x0000000712300000, 0x0000000712400000, 0x0000000712400000|100%| E|CS|TAMS 0x0000000712300000, 0x0000000712300000| Complete 
| 252|0x0000000712400000, 0x0000000712500000, 0x0000000712500000|100%| E|CS|TAMS 0x0000000712400000, 0x0000000712400000| Complete 
| 253|0x0000000712500000, 0x0000000712600000, 0x0000000712600000|100%| E|CS|TAMS 0x0000000712500000, 0x0000000712500000| Complete 

Card table byte_map: [0x000002e6dac40000,0x000002e6db430000] _byte_map_base: 0x000002e6d742c000

Marking Bits (Prev, Next): (CMBitMap*) 0x000002e6c0e4c558, (CMBitMap*) 0x000002e6c0e4c598
 Prev Bits: [0x000002e6dbc20000, 0x000002e6dfb80000)
 Next Bits: [0x000002e6dfb80000, 0x000002e6e3ae0000)

Polling page: 0x000002e6c0ed0000

Metaspace:

Usage:
  Non-class:      8.25 MB capacity,     7.97 MB ( 97%) used,   251.78 KB (  3%) free+waste,    42.75 KB ( <1%) overhead. 
      Class:      1.20 MB capacity,   993.24 KB ( 81%) used,   208.51 KB ( 17%) free+waste,    25.25 KB (  2%) overhead. 
       Both:      9.45 MB capacity,     8.94 MB ( 95%) used,   460.29 KB (  5%) free+waste,    68.00 KB ( <1%) overhead. 

Virtual space:
  Non-class space:       14.00 MB reserved,       8.50 MB ( 61%) committed 
      Class space:        1.00 GB reserved,       1.25 MB ( <1%) committed 
             Both:        1.01 GB reserved,       9.75 MB ( <1%) committed 

Chunk freelists:
   Non-Class:  0 bytes
       Class:  2.63 KB
        Both:  2.63 KB

CodeHeap 'non-profiled nmethods': size=120000Kb used=512Kb max_used=544Kb free=119487Kb
 bounds [0x000002e6d24c0000, 0x000002e6d2730000, 0x000002e6d99f0000]
CodeHeap 'profiled nmethods': size=120000Kb used=2222Kb max_used=2557Kb free=117777Kb
 bounds [0x000002e6caf90000, 0x000002e6cb210000, 0x000002e6d24c0000]
CodeHeap 'non-nmethods': size=5760Kb used=1244Kb max_used=1279Kb free=4515Kb
 bounds [0x000002e6ca9f0000, 0x000002e6cac60000, 0x000002e6caf90000]
 total_blobs=2293 nmethods=1265 adapters=527
 compilation: enabled
              stopped_count=0, restarted_count=0
 full_count=0

Compilation events (10 events):
Event: 2529.715 Thread 0x000002e6e666a800 nmethod 1403 0x000002e6caf92410 code [0x000002e6caf92600, 0x000002e6caf92bb8]
Event: 11050.887 Thread 0x000002e6e666a800 1405   !   3       java.lang.ref.ReferenceQueue::remove (125 bytes)
Event: 11050.890 Thread 0x000002e6e666a800 nmethod 1405 0x000002e6caf91590 code [0x000002e6caf917c0, 0x000002e6caf920c0]
Event: 11530.988 Thread 0x000002e6e666a800 1406   !   3       jdk.internal.ref.PhantomCleanable::isListEmpty (34 bytes)
Event: 11530.989 Thread 0x000002e6e666a800 nmethod 1406 0x000002e6caf90f10 code [0x000002e6caf910e0, 0x000002e6caf91498]
Event: 11530.989 Thread 0x000002e6e666a800 1407       3       jdk.internal.misc.InnocuousThread::eraseThreadLocals (23 bytes)
Event: 11530.991 Thread 0x000002e6e666a800 nmethod 1407 0x000002e6caf90a10 code [0x000002e6caf90be0, 0x000002e6caf90e58]
Event: 22574.919 Thread 0x000002e6e666a800 1408       3       java.lang.invoke.MethodHandleNatives::findMethodHandleType (7 bytes)
Event: 22574.919 Thread 0x000002e6e666a800 nmethod 1408 0x000002e6caf90610 code [0x000002e6caf907e0, 0x000002e6caf90950]
Event: 161916.940 Thread 0x000002e6e6668800 1410       4       java.util.HashMap::put (13 bytes)

GC Heap History (2 events):
Event: 9.375 GC heap before
{Heap before GC invocations=0 (full 0):
 garbage-first heap   total 260096K, used 49152K [0x0000000702800000, 0x0000000800000000)
  region size 1024K, 24 young (24576K), 0 survivors (0K)
 Metaspace       used 3473K, capacity 4947K, committed 5248K, reserved 1056768K
  class space    used 351K, capacity 523K, committed 640K, reserved 1048576K
}
Event: 9.377 GC heap after
{Heap after GC invocations=1 (full 0):
 garbage-first heap   total 260096K, used 26275K [0x0000000702800000, 0x0000000800000000)
  region size 1024K, 2 young (2048K), 2 survivors (2048K)
 Metaspace       used 3473K, capacity 4947K, committed 5248K, reserved 1056768K
  class space    used 351K, capacity 523K, committed 640K, reserved 1048576K
}

Deoptimization events (10 events):
Event: 13.508 Thread 0x000002e6e721c800 Uncommon trap: reason=class_check action=maybe_recompile pc=0x000002e6d24fde40 method=java.io.BufferedInputStream.read([BII)I @ 101 c2
Event: 13.508 Thread 0x000002e6e721c800 Uncommon trap: reason=class_check action=maybe_recompile pc=0x000002e6d24fde40 method=java.io.BufferedInputStream.read([BII)I @ 101 c2
Event: 13.508 Thread 0x000002e6e721c800 Uncommon trap: reason=class_check action=maybe_recompile pc=0x000002e6d24fde40 method=java.io.BufferedInputStream.read([BII)I @ 101 c2
Event: 13.519 Thread 0x000002e6e721c800 Uncommon trap: reason=bimorphic_or_optimized_type_check action=maybe_recompile pc=0x000002e6d251ff8c method=java.util.concurrent.ConcurrentHashMap.get(Ljava/lang/Object;)Ljava/lang/Object; @ 149 c2
Event: 13.524 Thread 0x000002e6e721c800 Uncommon trap: reason=bimorphic_or_optimized_type_check action=maybe_recompile pc=0x000002e6d251ff8c method=java.util.concurrent.ConcurrentHashMap.get(Ljava/lang/Object;)Ljava/lang/Object; @ 149 c2
Event: 13.543 Thread 0x000002e6e721c800 Uncommon trap: reason=unstable_if action=reinterpret pc=0x000002e6d24cd504 method=java.lang.String.equals(Ljava/lang/Object;)Z @ 34 c2
Event: 13.604 Thread 0x000002e6e721c800 Uncommon trap: reason=bimorphic_or_optimized_type_check action=maybe_recompile pc=0x000002e6d251ff8c method=java.util.concurrent.ConcurrentHashMap.get(Ljava/lang/Object;)Ljava/lang/Object; @ 149 c2
Event: 13.604 Thread 0x000002e6e721c800 Uncommon trap: reason=bimorphic_or_optimized_type_check action=maybe_recompile pc=0x000002e6d251ff8c method=java.util.concurrent.ConcurrentHashMap.get(Ljava/lang/Object;)Ljava/lang/Object; @ 149 c2
Event: 22574.930 Thread 0x000002e6e721c800 Uncommon trap: reason=class_check action=maybe_recompile pc=0x000002e6d251b0f4 method=java.util.HashMap.putVal(ILjava/lang/Object;Ljava/lang/Object;ZZ)Ljava/lang/Object; @ 203 c2
Event: 22574.931 Thread 0x000002e6e721c800 Uncommon trap: reason=class_check action=maybe_recompile pc=0x000002e6d251b0f4 method=java.util.HashMap.putVal(ILjava/lang/Object;Ljava/lang/Object;ZZ)Ljava/lang/Object; @ 203 c2

Classes redefined (0 events):
No events

Internal exceptions (10 events):
Event: 13.399 Thread 0x000002e6c0de4800 Exception <a 'java/lang/NoSuchMethodError'{0x000000070fa7e9c8}: java.lang.invoke.DelegatingMethodHandle$Holder.reinvoke_L(Ljava/lang/Object;Ljava/lang/Object;JIILjava/lang/Object;III)Ljava/lang/Object;> (0x000000070fa7e9c8) thrown at [t:/workspace/open/sr
Event: 13.406 Thread 0x000002e6c0de4800 Exception <a 'java/lang/NoSuchMethodError'{0x000000070fae2970}: java.lang.invoke.DirectMethodHandle$Holder.invokeSpecial(Ljava/lang/Object;Ljava/lang/Object;JIIII)Ljava/lang/Object;> (0x000000070fae2970) thrown at [t:/workspace/open/src/hotspot/share/inte
Event: 13.406 Thread 0x000002e6c0de4800 Exception <a 'java/lang/NoSuchMethodError'{0x000000070fae5850}: java.lang.invoke.DelegatingMethodHandle$Holder.reinvoke_L(Ljava/lang/Object;JIIII)Ljava/lang/Object;> (0x000000070fae5850) thrown at [t:/workspace/open/src/hotspot/share/interpreter/linkResol
Event: 13.407 Thread 0x000002e6c0de4800 Exception <a 'java/lang/NoSuchMethodError'{0x000000070faee038}: java.lang.invoke.DirectMethodHandle$Holder.invokeSpecial(Ljava/lang/Object;Ljava/lang/Object;IIII)Ljava/lang/Object;> (0x000000070faee038) thrown at [t:/workspace/open/src/hotspot/share/inter
Event: 13.407 Thread 0x000002e6c0de4800 Exception <a 'java/lang/NoSuchMethodError'{0x000000070faf0940}: java.lang.invoke.Invokers$Holder.linkToTargetMethod(IIIILjava/lang/Object;)Ljava/lang/Object;> (0x000000070faf0940) thrown at [t:/workspace/open/src/hotspot/share/interpreter/linkResolver.cpp
Event: 13.429 Thread 0x000002e6c0de4800 Exception <a 'java/lang/NoSuchMethodError'{0x000000070f9236f0}: java.lang.invoke.DirectMethodHandle$Holder.invokeStaticInit(Ljava/lang/Object;)V> (0x000000070f9236f0) thrown at [t:/workspace/open/src/hotspot/share/interpreter/linkResolver.cpp, line 777]
Event: 13.436 Thread 0x000002e6c0de4800 Exception <a 'java/io/FileNotFoundException'{0x000000070f930448}> (0x000000070f930448) thrown at [t:/workspace/open/src/hotspot/share/prims/jni.cpp, line 615]
Event: 13.436 Thread 0x000002e6c0de4800 Exception <a 'java/lang/NullPointerException'{0x000000070f930ca8}> (0x000000070f930ca8) thrown at [t:/workspace/open/src/hotspot/share/interpreter/linkResolver.cpp, line 1356]
Event: 13.452 Thread 0x000002e6c0de4800 Exception <a 'java/lang/NoSuchMethodError'{0x000000070f82d8f0}: java.lang.invoke.Invokers$Holder.linkToTargetMethod(Ljava/lang/Object;ILjava/lang/Object;)Ljava/lang/Object;> (0x000000070f82d8f0) thrown at [t:/workspace/open/src/hotspot/share/interpreter/l
Event: 161916.948 Thread 0x000002e6e721c800 Exception <a 'java/lang/NoSuchMethodError'{0x000000070f624a98}: java.lang.invoke.DirectMethodHandle$Holder.invokeVirtual(Ljava/lang/Object;Ljava/lang/Object;)V> (0x000000070f624a98) thrown at [t:/workspace/open/src/hotspot/share/interpreter/linkResolver.c

Events (10 events):
Event: 22574.937 Executing VM operation: RevokeBias
Event: 22574.937 Executing VM operation: RevokeBias done
Event: 161916.931 Executing VM operation: RevokeBias
Event: 161916.933 Executing VM operation: RevokeBias done
Event: 161916.936 loading class java/util/WeakHashMap$KeyIterator
Event: 161916.938 loading class java/util/WeakHashMap$HashIterator
Event: 161916.939 loading class java/util/WeakHashMap$HashIterator done
Event: 161916.939 loading class java/util/WeakHashMap$KeyIterator done
Event: 161916.961 Executing VM operation: HandshakeAllThreads
Event: 161916.961 Executing VM operation: HandshakeAllThreads done


Dynamic libraries:
0x00007ff679dd0000 - 0x00007ff679ddf000 	D:\Program Files\Java\jdk-12\bin\java.exe
0x00007ff9346d0000 - 0x00007ff9348c5000 	C:\WINDOWS\SYSTEM32\ntdll.dll
0x00007ff932e50000 - 0x00007ff932f0e000 	C:\WINDOWS\System32\KERNEL32.DLL
0x00007ff932110000 - 0x00007ff9323d8000 	C:\WINDOWS\System32\KERNELBASE.dll
0x00007ff932010000 - 0x00007ff932110000 	C:\WINDOWS\System32\ucrtbase.dll
0x00007ff9162a0000 - 0x00007ff9162b8000 	D:\Program Files\Java\jdk-12\bin\jli.dll
0x00007ff926b50000 - 0x00007ff926b66000 	D:\Program Files\Java\jdk-12\bin\VCRUNTIME140.dll
0x00007ff932d70000 - 0x00007ff932e1c000 	C:\WINDOWS\System32\ADVAPI32.dll
0x00007ff932850000 - 0x00007ff9328ee000 	C:\WINDOWS\System32\msvcrt.dll
0x00007ff9334a0000 - 0x00007ff93353b000 	C:\WINDOWS\System32\sechost.dll
0x00007ff932720000 - 0x00007ff93284a000 	C:\WINDOWS\System32\RPCRT4.dll
0x00007ff932f10000 - 0x00007ff9330b1000 	C:\WINDOWS\System32\USER32.dll
0x00007ff9323e0000 - 0x00007ff932402000 	C:\WINDOWS\System32\win32u.dll
0x00007ff932e20000 - 0x00007ff932e4b000 	C:\WINDOWS\System32\GDI32.dll
0x00007ff931df0000 - 0x00007ff931efb000 	C:\WINDOWS\System32\gdi32full.dll
0x00007ff932520000 - 0x00007ff9325bd000 	C:\WINDOWS\System32\msvcp_win.dll
0x00007ff92bb60000 - 0x00007ff92bdfa000 	C:\WINDOWS\WinSxS\amd64_microsoft.windows.common-controls_6595b64144ccf1df_6.0.19041.1110_none_60b5254171f9507e\COMCTL32.dll
0x00007ff931b30000 - 0x00007ff931b3a000 	C:\WINDOWS\SYSTEM32\VERSION.dll
0x00007ff933470000 - 0x00007ff9334a0000 	C:\WINDOWS\System32\IMM32.DLL
0x00007ff8f3970000 - 0x00007ff8f3a1a000 	D:\Program Files\Java\jdk-12\bin\msvcp140.dll
0x00007ff8cc0c0000 - 0x00007ff8ccc34000 	D:\Program Files\Java\jdk-12\bin\server\jvm.dll
0x00007ff933540000 - 0x00007ff933548000 	C:\WINDOWS\System32\PSAPI.DLL
0x00007ff90c0e0000 - 0x00007ff90c0e9000 	C:\WINDOWS\SYSTEM32\WSOCK32.dll
0x00007ff929d60000 - 0x00007ff929d87000 	C:\WINDOWS\SYSTEM32\WINMM.dll
0x00007ff9331f0000 - 0x00007ff93325b000 	C:\WINDOWS\System32\WS2_32.dll
0x00007ff92f550000 - 0x00007ff92f562000 	C:\WINDOWS\SYSTEM32\kernel.appcore.dll
0x00007ff916240000 - 0x00007ff916251000 	D:\Program Files\Java\jdk-12\bin\verify.dll
0x00007ff9317a0000 - 0x00007ff931984000 	C:\WINDOWS\SYSTEM32\DBGHELP.DLL
0x00007ff9316f0000 - 0x00007ff93171c000 	C:\WINDOWS\SYSTEM32\dbgcore.DLL
0x00007ff932410000 - 0x00007ff932493000 	C:\WINDOWS\System32\bcryptPrimitives.dll
0x00007ff916e70000 - 0x00007ff916e96000 	D:\Program Files\Java\jdk-12\bin\java.dll
0x00007ff915140000 - 0x00007ff915157000 	D:\Program Files\Java\jdk-12\bin\zip.dll
0x00007ff9297d0000 - 0x00007ff9297da000 	D:\Program Files\Java\jdk-12\bin\jimage.dll
0x00007ff9335b0000 - 0x00007ff933cef000 	C:\WINDOWS\System32\SHELL32.dll
0x00007ff92f570000 - 0x00007ff92fd00000 	C:\WINDOWS\SYSTEM32\windows.storage.dll
0x00007ff933eb0000 - 0x00007ff934205000 	C:\WINDOWS\System32\combase.dll
0x00007ff931350000 - 0x00007ff93137e000 	C:\WINDOWS\SYSTEM32\Wldp.dll
0x00007ff933260000 - 0x00007ff93330d000 	C:\WINDOWS\System32\SHCORE.dll
0x00007ff934390000 - 0x00007ff9343e5000 	C:\WINDOWS\System32\shlwapi.dll
0x00007ff931d30000 - 0x00007ff931d4f000 	C:\WINDOWS\SYSTEM32\profapi.dll
0x00007ff90c610000 - 0x00007ff90c629000 	D:\Program Files\Java\jdk-12\bin\net.dll
0x00007ff91a560000 - 0x00007ff91a66c000 	C:\WINDOWS\SYSTEM32\WINHTTP.dll
0x00007ff930e10000 - 0x00007ff930ffb000 	C:\WINDOWS\SYSTEM32\urlmon.dll
0x00007ff930a80000 - 0x00007ff930d30000 	C:\WINDOWS\SYSTEM32\iertutil.dll
0x00007ff930dc0000 - 0x00007ff930de8000 	C:\WINDOWS\SYSTEM32\srvcli.dll
0x00007ff930a70000 - 0x00007ff930a7c000 	C:\WINDOWS\SYSTEM32\netutils.dll
0x00007ff9310d0000 - 0x00007ff93113a000 	C:\WINDOWS\system32\mswsock.dll
0x00007ff90c440000 - 0x00007ff90c453000 	D:\Program Files\Java\jdk-12\bin\nio.dll
0x00007ff8db8b0000 - 0x00007ff8dba4f000 	D:\Program Files\Java\jdk-12\bin\awt.dll
0x00007ff933d10000 - 0x00007ff933ddd000 	C:\WINDOWS\System32\OLEAUT32.dll
0x00007ff92a300000 - 0x00007ff92a8c0000 	C:\WINDOWS\SYSTEM32\d2d1.dll
0x00007ff92b910000 - 0x00007ff92b9a0000 	C:\WINDOWS\SYSTEM32\apphelp.dll
0x00007ff931b00000 - 0x00007ff931b18000 	C:\WINDOWS\SYSTEM32\CRYPTSP.dll
0x00007ff9304f0000 - 0x00007ff930524000 	C:\WINDOWS\system32\rsaenh.dll
0x00007ff9324a0000 - 0x00007ff9324c7000 	C:\WINDOWS\System32\bcrypt.dll
0x00007ff931cb0000 - 0x00007ff931cde000 	C:\WINDOWS\SYSTEM32\USERENV.dll
0x00007ff9312c0000 - 0x00007ff9312cc000 	C:\WINDOWS\SYSTEM32\CRYPTBASE.dll
0x00007ff931000000 - 0x00007ff93103b000 	C:\WINDOWS\SYSTEM32\IPHLPAPI.DLL
0x00007ff933ea0000 - 0x00007ff933ea8000 	C:\WINDOWS\System32\NSI.dll
0x00007ff9237f0000 - 0x00007ff923807000 	C:\WINDOWS\SYSTEM32\dhcpcsvc6.DLL
0x00007ff924410000 - 0x00007ff92442d000 	C:\WINDOWS\SYSTEM32\dhcpcsvc.DLL
0x00007ff930840000 - 0x00007ff93090b000 	C:\WINDOWS\SYSTEM32\DNSAPI.dll
0x00007ff92c140000 - 0x00007ff92c16f000 	C:\WINDOWS\system32\DWMAPI.DLL
0x00007ff92be50000 - 0x00007ff92beee000 	C:\WINDOWS\system32\uxtheme.dll
0x00007ff8f9750000 - 0x00007ff8f9875000 	C:\WINDOWS\system32\opengl32.dll
0x00007ff90aeb0000 - 0x00007ff90aedc000 	C:\WINDOWS\SYSTEM32\GLU32.dll
0x00007ff91e0b0000 - 0x00007ff91e1e9000 	C:\ProgramData\A-Volute\A-Volute.Nahimic\Modules\Scheduled\x64\AudioDevProps2.dll
0x00007ff9330c0000 - 0x00007ff9331ea000 	C:\WINDOWS\System32\ole32.dll
0x00007ff8d1470000 - 0x00007ff8d14c6000 	C:\Program Files\Huawei\PCManager\plugins\PerfWndMonModule.dll
0x00007ff934210000 - 0x00007ff934325000 	C:\WINDOWS\System32\MSCTF.dll
0x00007ff9038e0000 - 0x00007ff903960000 	D:\Program Files\Java\jdk-12\bin\freetype.dll
0x00007ff90c3d0000 - 0x00007ff90c43f000 	D:\Program Files\Java\jdk-12\bin\fontmanager.dll
0x00007ff91db70000 - 0x00007ff91dc69000 	C:\WINDOWS\SYSTEM32\textinputframework.dll
0x00007ff92b290000 - 0x00007ff92b5ee000 	C:\WINDOWS\System32\CoreUIComponents.dll
0x00007ff92b5f0000 - 0x00007ff92b6e2000 	C:\WINDOWS\System32\CoreMessaging.dll
0x00007ff931ac0000 - 0x00007ff931af3000 	C:\WINDOWS\SYSTEM32\ntmarta.dll
0x00007ff929f30000 - 0x00007ff92a084000 	C:\WINDOWS\SYSTEM32\wintypes.dll
0x00007ff931040000 - 0x00007ff9310a6000 	C:\WINDOWS\system32\Oleacc.dll
0x00007ff933de0000 - 0x00007ff933e89000 	C:\WINDOWS\System32\clbcatq.dll
0x0000000180000000 - 0x00000001804c8000 	C:\Windows\System32\2345PinyinTSF.dll
0x00007ff91a330000 - 0x00007ff91a337000 	C:\Windows\System32\MSIMG32.dll
0x00007ff9324d0000 - 0x00007ff93251e000 	C:\WINDOWS\System32\CFGMGR32.dll
0x00007ff929c00000 - 0x00007ff929cf6000 	C:\WINDOWS\system32\propsys.dll

dbghelp: loaded successfully - version: 4.0.5 - missing functions: none
symbol engine: initialized successfully - sym options: 0x614 - pdb path: .;D:\Program Files\Java\jdk-12\bin;C:\WINDOWS\SYSTEM32;C:\WINDOWS\WinSxS\amd64_microsoft.windows.common-controls_6595b64144ccf1df_6.0.19041.1110_none_60b5254171f9507e;D:\Program Files\Java\jdk-12\bin\server;C:\ProgramData\A-Volute\A-Volute.Nahimic\Modules\Scheduled\x64;C:\Program Files\Huawei\PCManager\plugins

VM Arguments:
jvm_args: -Dfile.encoding=UTF-8 --module-path=F:\WeChat Files\wxid_26c2y2qy59oh12\FileStorage\File\2021-12\CW3_Framework_Finalised(3)\CW3_Framework_Finalised\build\classes 
java_command: CW3.PersonDB
java_class_path (initial): F:\WeChat Files\wxid_26c2y2qy59oh12\FileStorage\File\2021-12\CW3_Framework_Finalised(3)\CW3_Framework_Finalised\build\classes
Launcher Type: SUN_STANDARD

[Global flags]
     intx CICompilerCount                          = 4                                         {product} {ergonomic}
     uint ConcGCThreads                            = 2                                         {product} {ergonomic}
     uint G1ConcRefinementThreads                  = 8                                         {product} {ergonomic}
   size_t G1HeapRegionSize                         = 1048576                                   {product} {ergonomic}
    uintx GCDrainStackTargetSize                   = 64                                        {product} {ergonomic}
   size_t InitialHeapSize                          = 266338304                                 {product} {ergonomic}
   size_t MarkStackSize                            = 4194304                                   {product} {ergonomic}
   size_t MaxHeapSize                              = 4253024256                                {product} {ergonomic}
   size_t MaxNewSize                               = 2551185408                                {product} {ergonomic}
   size_t MinHeapDeltaBytes                        = 1048576                                   {product} {ergonomic}
    uintx NonNMethodCodeHeapSize                   = 5836300                                {pd product} {ergonomic}
    uintx NonProfiledCodeHeapSize                  = 122910970                              {pd product} {ergonomic}
    uintx ProfiledCodeHeapSize                     = 122910970                              {pd product} {ergonomic}
    uintx ReservedCodeCacheSize                    = 251658240                              {pd product} {ergonomic}
     bool SegmentedCodeCache                       = true                                      {product} {ergonomic}
     bool UseCompressedClassPointers               = true                                 {lp64_product} {ergonomic}
     bool UseCompressedOops                        = true                                 {lp64_product} {ergonomic}
     bool UseG1GC                                  = true                                      {product} {ergonomic}
     bool UseLargePagesIndividualAllocation        = false                                  {pd product} {ergonomic}

Logging:
Log output configuration:
 #0: stdout all=warning uptime,level,tags
 #1: stderr all=off uptime,level,tags

Environment Variables:
JAVA_HOME=D:\Program Files\Java\jdk-12
CLASSPATH=.;D:\Program Files\Java\jdk-12\lib\dt.jar;D:\Program Files\Java\jdk-12\lib\tools.jar;
PATH=E:\ProgramData\Miniconda3;E:\ProgramData\Miniconda3\Library\mingw-w64\bin;E:\ProgramData\Miniconda3\Library\usr\bin;E:\ProgramData\Miniconda3\Library\bin;E:\ProgramData\Miniconda3\Scripts;C:\Program Files (x86)\Common Files\Intel\Shared Libraries\redist\intel64\compiler;C:\Windows\system32;C:\Windows;C:\Windows\System32\Wbem;C:\Windows\System32\WindowsPowerShell\v1.0\;C:\Windows\System32\OpenSSH\;C:\Program Files (x86)\NVIDIA Corporation\PhysX\Common;C:\Program Files\NVIDIA Corporation\NVIDIA NvDLISR;C:\Program Files\MATLAB\R2020b\bin;F:\1\_temp_matlab_R2021a_win64\bin;F:\1\texlive\2021\bin\win32;C:\WINDOWS\system32;C:\WINDOWS;C:\WINDOWS\System32\Wbem;C:\WINDOWS\System32\WindowsPowerShell\v1.0\;C:\WINDOWS\System32\OpenSSH\;D:\Program Files\Java\jdk-12\bin;D:\Program Files\Java\jdk-12\jre\bin;C:\Program Files\Microsoft SQL Server\130\Tools\Binn\;E:\Users\Huawei\miniconda3;E:\Users\Huawei\miniconda3\Library\mingw-w64\bin;E:\Users\Huawei\miniconda3\Library\usr\bin;E:\Users\Huawei\miniconda3\Library\bin;E:\Users\Huawei\miniconda3\Scripts;E:\Users\Huawei\anaconda3;E:\Users\Huawei\anaconda3\Library\mingw-w64\bin;E:\Users\Huawei\anaconda3\Library\usr\bin;E:\Users\Huawei\anaconda3\Library\bin;E:\Users\Huawei\anaconda3\Scripts;D:\Users\Huawei\miniconda3;D:\Users\Huawei\miniconda3\Library\mingw-w64\bin;D:\Users\Huawei\miniconda3\Library\usr\bin;D:\Users\Huawei\miniconda3\Library\bin;D:\Users\Huawei\miniconda3\Scripts;C:\Users\Huawei\AppData\Local\Microsoft\WindowsApps;
USERNAME=Huawei
OS=Windows_NT
PROCESSOR_IDENTIFIER=Intel64 Family 6 Model 142 Stepping 12, GenuineIntel



---------------  S Y S T E M  ---------------

OS: Windows 10 , 64 bit Build 19041 (10.0.19041.1348)

CPU:total 8 (initial active 8) (4 cores per cpu, 2 threads per core) family 6 model 142 stepping 12, cmov, cx8, fxsr, mmx, sse, sse2, sse3, ssse3, sse4.1, sse4.2, popcnt, avx, avx2, aes, clmul, erms, 3dnowpref, lzcnt, ht, tsc, tscinvbit, bmi1, bmi2, adx, fma

Memory: 4k page, system-wide physical 16219M (2721M free)
TotalPageFile size 33644M (AvailPageFile size 269M)
current process WorkingSet (physical memory assigned to process): 26M, peak: 189M
current process commit charge ("private bytes"): 354M, peak: 373M

vm_info: Java HotSpot(TM) 64-Bit Server VM (12+33) for windows-amd64 JRE (12+33), built on Feb 21 2019 02:31:50 by "mach5one" with MS VC++ 15.5 (VS2017)

END.
